CRITICAL - 2025-10-15 13:55:08 --> ErrorException: Undefined variable $system_name
[Method: GET, Route: dashboard]
in APPPATH\Views\dashboard.php on line 6.
 1 APPPATH\Views\dashboard.php(6): CodeIgniter\Debug\Exceptions->errorHandler(2, 'Undefined variable $system_name', 'C:\\xampp\\htdocs\\PageantSystem\\app\\Views\\dashboard.php', 6)
 2 SYSTEMPATH\View\View.php(226): include('C:\\xampp\\htdocs\\PageantSystem\\app\\Views\\dashboard.php')
 3 SYSTEMPATH\View\View.php(229): CodeIgniter\View\View->CodeIgniter\View\{closure}()
 4 SYSTEMPATH\Common.php(1167): CodeIgniter\View\View->render('dashboard', [], true)
 5 APPPATH\Controllers\Admin.php(12): view('dashboard')
 6 SYSTEMPATH\CodeIgniter.php(933): App\Controllers\Admin->index()
 7 SYSTEMPATH\CodeIgniter.php(507): CodeIgniter\CodeIgniter->runController(Object(App\Controllers\Admin))
 8 SYSTEMPATH\CodeIgniter.php(354): CodeIgniter\CodeIgniter->handleRequest(null, Object(Config\Cache), false)
 9 SYSTEMPATH\Boot.php(363): CodeIgniter\CodeIgniter->run()
10 SYSTEMPATH\Boot.php(68): CodeIgniter\Boot::runCodeIgniter(Object(CodeIgniter\CodeIgniter))
11 FCPATH\index.php(59): CodeIgniter\Boot::bootWeb(Object(Config\Paths))
12 SYSTEMPATH\rewrite.php(44): require_once('C:\\xampp\\htdocs\\PageantSystem\\public\\index.php')
CRITICAL - 2025-10-15 13:55:51 --> ErrorException: Undefined variable $system_name
[Method: GET, Route: home]
in APPPATH\Views\dashboard.php on line 6.
 1 APPPATH\Views\dashboard.php(6): CodeIgniter\Debug\Exceptions->errorHandler(2, 'Undefined variable $system_name', 'C:\\xampp\\htdocs\\PageantSystem\\app\\Views\\dashboard.php', 6)
 2 SYSTEMPATH\View\View.php(226): include('C:\\xampp\\htdocs\\PageantSystem\\app\\Views\\dashboard.php')
 3 SYSTEMPATH\View\View.php(229): CodeIgniter\View\View->CodeIgniter\View\{closure}()
 4 SYSTEMPATH\Common.php(1167): CodeIgniter\View\View->render('dashboard', [], true)
 5 APPPATH\Controllers\Admin.php(12): view('dashboard')
 6 SYSTEMPATH\CodeIgniter.php(933): App\Controllers\Admin->dashboard()
 7 SYSTEMPATH\CodeIgniter.php(507): CodeIgniter\CodeIgniter->runController(Object(App\Controllers\Admin))
 8 SYSTEMPATH\CodeIgniter.php(354): CodeIgniter\CodeIgniter->handleRequest(null, Object(Config\Cache), false)
 9 SYSTEMPATH\Boot.php(363): CodeIgniter\CodeIgniter->run()
10 SYSTEMPATH\Boot.php(68): CodeIgniter\Boot::runCodeIgniter(Object(CodeIgniter\CodeIgniter))
11 FCPATH\index.php(59): CodeIgniter\Boot::bootWeb(Object(Config\Paths))
12 SYSTEMPATH\rewrite.php(44): require_once('C:\\xampp\\htdocs\\PageantSystem\\public\\index.php')
CRITICAL - 2025-10-15 13:55:53 --> ErrorException: Undefined variable $system_name
[Method: GET, Route: home]
in APPPATH\Views\dashboard.php on line 6.
 1 APPPATH\Views\dashboard.php(6): CodeIgniter\Debug\Exceptions->errorHandler(2, 'Undefined variable $system_name', 'C:\\xampp\\htdocs\\PageantSystem\\app\\Views\\dashboard.php', 6)
 2 SYSTEMPATH\View\View.php(226): include('C:\\xampp\\htdocs\\PageantSystem\\app\\Views\\dashboard.php')
 3 SYSTEMPATH\View\View.php(229): CodeIgniter\View\View->CodeIgniter\View\{closure}()
 4 SYSTEMPATH\Common.php(1167): CodeIgniter\View\View->render('dashboard', [], true)
 5 APPPATH\Controllers\Admin.php(12): view('dashboard')
 6 SYSTEMPATH\CodeIgniter.php(933): App\Controllers\Admin->dashboard()
 7 SYSTEMPATH\CodeIgniter.php(507): CodeIgniter\CodeIgniter->runController(Object(App\Controllers\Admin))
 8 SYSTEMPATH\CodeIgniter.php(354): CodeIgniter\CodeIgniter->handleRequest(null, Object(Config\Cache), false)
 9 SYSTEMPATH\Boot.php(363): CodeIgniter\CodeIgniter->run()
10 SYSTEMPATH\Boot.php(68): CodeIgniter\Boot::runCodeIgniter(Object(CodeIgniter\CodeIgniter))
11 FCPATH\index.php(59): CodeIgniter\Boot::bootWeb(Object(Config\Paths))
12 SYSTEMPATH\rewrite.php(44): require_once('C:\\xampp\\htdocs\\PageantSystem\\public\\index.php')
CRITICAL - 2025-10-15 13:58:33 --> ErrorException: Undefined variable $data
[Method: GET, Route: home]
in APPPATH\Controllers\Admin.php on line 13.
 1 APPPATH\Controllers\Admin.php(13): CodeIgniter\Debug\Exceptions->errorHandler(2, 'Undefined variable $data', 'C:\\xampp\\htdocs\\PageantSystem\\app\\Controllers\\Admin.php', 13)
 2 SYSTEMPATH\CodeIgniter.php(933): App\Controllers\Admin->dashboard()
 3 SYSTEMPATH\CodeIgniter.php(507): CodeIgniter\CodeIgniter->runController(Object(App\Controllers\Admin))
 4 SYSTEMPATH\CodeIgniter.php(354): CodeIgniter\CodeIgniter->handleRequest(null, Object(Config\Cache), false)
 5 SYSTEMPATH\Boot.php(363): CodeIgniter\CodeIgniter->run()
 6 SYSTEMPATH\Boot.php(68): CodeIgniter\Boot::runCodeIgniter(Object(CodeIgniter\CodeIgniter))
 7 FCPATH\index.php(59): CodeIgniter\Boot::bootWeb(Object(Config\Paths))
 8 SYSTEMPATH\rewrite.php(44): require_once('C:\\xampp\\htdocs\\PageantSystem\\public\\index.php')
CRITICAL - 2025-10-15 14:00:34 --> ErrorException: Undefined variable $data
[Method: GET, Route: home]
in APPPATH\Controllers\Admin.php on line 13.
 1 APPPATH\Controllers\Admin.php(13): CodeIgniter\Debug\Exceptions->errorHandler(2, 'Undefined variable $data', 'C:\\xampp\\htdocs\\PageantSystem\\app\\Controllers\\Admin.php', 13)
 2 SYSTEMPATH\CodeIgniter.php(933): App\Controllers\Admin->dashboard()
 3 SYSTEMPATH\CodeIgniter.php(507): CodeIgniter\CodeIgniter->runController(Object(App\Controllers\Admin))
 4 SYSTEMPATH\CodeIgniter.php(354): CodeIgniter\CodeIgniter->handleRequest(null, Object(Config\Cache), false)
 5 SYSTEMPATH\Boot.php(363): CodeIgniter\CodeIgniter->run()
 6 SYSTEMPATH\Boot.php(68): CodeIgniter\Boot::runCodeIgniter(Object(CodeIgniter\CodeIgniter))
 7 FCPATH\index.php(59): CodeIgniter\Boot::bootWeb(Object(Config\Paths))
 8 SYSTEMPATH\rewrite.php(44): require_once('C:\\xampp\\htdocs\\PageantSystem\\public\\index.php')
CRITICAL - 2025-10-15 14:00:35 --> ErrorException: Undefined variable $data
[Method: GET, Route: home]
in APPPATH\Controllers\Admin.php on line 13.
 1 APPPATH\Controllers\Admin.php(13): CodeIgniter\Debug\Exceptions->errorHandler(2, 'Undefined variable $data', 'C:\\xampp\\htdocs\\PageantSystem\\app\\Controllers\\Admin.php', 13)
 2 SYSTEMPATH\CodeIgniter.php(933): App\Controllers\Admin->dashboard()
 3 SYSTEMPATH\CodeIgniter.php(507): CodeIgniter\CodeIgniter->runController(Object(App\Controllers\Admin))
 4 SYSTEMPATH\CodeIgniter.php(354): CodeIgniter\CodeIgniter->handleRequest(null, Object(Config\Cache), false)
 5 SYSTEMPATH\Boot.php(363): CodeIgniter\CodeIgniter->run()
 6 SYSTEMPATH\Boot.php(68): CodeIgniter\Boot::runCodeIgniter(Object(CodeIgniter\CodeIgniter))
 7 FCPATH\index.php(59): CodeIgniter\Boot::bootWeb(Object(Config\Paths))
 8 SYSTEMPATH\rewrite.php(44): require_once('C:\\xampp\\htdocs\\PageantSystem\\public\\index.php')
CRITICAL - 2025-10-15 14:01:30 --> ErrorException: include(includes/sidebar.php): Failed to open stream: No such file or directory
[Method: GET, Route: home]
in APPPATH\Views\dashboard.php on line 89.
 1 APPPATH\Views\dashboard.php(89): CodeIgniter\Debug\Exceptions->errorHandler(2, 'include(includes/sidebar.php): Failed to open stream: No such file or directory', 'C:\\xampp\\htdocs\\PageantSystem\\app\\Views\\dashboard.php', 89)
 2 APPPATH\Views\dashboard.php(89): include()
 3 SYSTEMPATH\View\View.php(226): include('C:\\xampp\\htdocs\\PageantSystem\\app\\Views\\dashboard.php')
 4 SYSTEMPATH\View\View.php(229): CodeIgniter\View\View->CodeIgniter\View\{closure}()
 5 SYSTEMPATH\Common.php(1167): CodeIgniter\View\View->render('dashboard', [], true)
 6 APPPATH\Controllers\Admin.php(36): view('dashboard', [...])
 7 SYSTEMPATH\CodeIgniter.php(933): App\Controllers\Admin->dashboard()
 8 SYSTEMPATH\CodeIgniter.php(507): CodeIgniter\CodeIgniter->runController(Object(App\Controllers\Admin))
 9 SYSTEMPATH\CodeIgniter.php(354): CodeIgniter\CodeIgniter->handleRequest(null, Object(Config\Cache), false)
10 SYSTEMPATH\Boot.php(363): CodeIgniter\CodeIgniter->run()
11 SYSTEMPATH\Boot.php(68): CodeIgniter\Boot::runCodeIgniter(Object(CodeIgniter\CodeIgniter))
12 FCPATH\index.php(59): CodeIgniter\Boot::bootWeb(Object(Config\Paths))
13 SYSTEMPATH\rewrite.php(44): require_once('C:\\xampp\\htdocs\\PageantSystem\\public\\index.php')
CRITICAL - 2025-10-15 14:01:33 --> ErrorException: include(includes/sidebar.php): Failed to open stream: No such file or directory
[Method: GET, Route: home]
in APPPATH\Views\dashboard.php on line 89.
 1 APPPATH\Views\dashboard.php(89): CodeIgniter\Debug\Exceptions->errorHandler(2, 'include(includes/sidebar.php): Failed to open stream: No such file or directory', 'C:\\xampp\\htdocs\\PageantSystem\\app\\Views\\dashboard.php', 89)
 2 APPPATH\Views\dashboard.php(89): include()
 3 SYSTEMPATH\View\View.php(226): include('C:\\xampp\\htdocs\\PageantSystem\\app\\Views\\dashboard.php')
 4 SYSTEMPATH\View\View.php(229): CodeIgniter\View\View->CodeIgniter\View\{closure}()
 5 SYSTEMPATH\Common.php(1167): CodeIgniter\View\View->render('dashboard', [], true)
 6 APPPATH\Controllers\Admin.php(36): view('dashboard', [...])
 7 SYSTEMPATH\CodeIgniter.php(933): App\Controllers\Admin->dashboard()
 8 SYSTEMPATH\CodeIgniter.php(507): CodeIgniter\CodeIgniter->runController(Object(App\Controllers\Admin))
 9 SYSTEMPATH\CodeIgniter.php(354): CodeIgniter\CodeIgniter->handleRequest(null, Object(Config\Cache), false)
10 SYSTEMPATH\Boot.php(363): CodeIgniter\CodeIgniter->run()
11 SYSTEMPATH\Boot.php(68): CodeIgniter\Boot::runCodeIgniter(Object(CodeIgniter\CodeIgniter))
12 FCPATH\index.php(59): CodeIgniter\Boot::bootWeb(Object(Config\Paths))
13 SYSTEMPATH\rewrite.php(44): require_once('C:\\xampp\\htdocs\\PageantSystem\\public\\index.php')
CRITICAL - 2025-10-15 14:01:33 --> ErrorException: include(includes/sidebar.php): Failed to open stream: No such file or directory
[Method: GET, Route: home]
in APPPATH\Views\dashboard.php on line 89.
 1 APPPATH\Views\dashboard.php(89): CodeIgniter\Debug\Exceptions->errorHandler(2, 'include(includes/sidebar.php): Failed to open stream: No such file or directory', 'C:\\xampp\\htdocs\\PageantSystem\\app\\Views\\dashboard.php', 89)
 2 APPPATH\Views\dashboard.php(89): include()
 3 SYSTEMPATH\View\View.php(226): include('C:\\xampp\\htdocs\\PageantSystem\\app\\Views\\dashboard.php')
 4 SYSTEMPATH\View\View.php(229): CodeIgniter\View\View->CodeIgniter\View\{closure}()
 5 SYSTEMPATH\Common.php(1167): CodeIgniter\View\View->render('dashboard', [], true)
 6 APPPATH\Controllers\Admin.php(36): view('dashboard', [...])
 7 SYSTEMPATH\CodeIgniter.php(933): App\Controllers\Admin->dashboard()
 8 SYSTEMPATH\CodeIgniter.php(507): CodeIgniter\CodeIgniter->runController(Object(App\Controllers\Admin))
 9 SYSTEMPATH\CodeIgniter.php(354): CodeIgniter\CodeIgniter->handleRequest(null, Object(Config\Cache), false)
10 SYSTEMPATH\Boot.php(363): CodeIgniter\CodeIgniter->run()
11 SYSTEMPATH\Boot.php(68): CodeIgniter\Boot::runCodeIgniter(Object(CodeIgniter\CodeIgniter))
12 FCPATH\index.php(59): CodeIgniter\Boot::bootWeb(Object(Config\Paths))
13 SYSTEMPATH\rewrite.php(44): require_once('C:\\xampp\\htdocs\\PageantSystem\\public\\index.php')
CRITICAL - 2025-10-15 14:01:33 --> ErrorException: include(includes/sidebar.php): Failed to open stream: No such file or directory
[Method: GET, Route: home]
in APPPATH\Views\dashboard.php on line 89.
 1 APPPATH\Views\dashboard.php(89): CodeIgniter\Debug\Exceptions->errorHandler(2, 'include(includes/sidebar.php): Failed to open stream: No such file or directory', 'C:\\xampp\\htdocs\\PageantSystem\\app\\Views\\dashboard.php', 89)
 2 APPPATH\Views\dashboard.php(89): include()
 3 SYSTEMPATH\View\View.php(226): include('C:\\xampp\\htdocs\\PageantSystem\\app\\Views\\dashboard.php')
 4 SYSTEMPATH\View\View.php(229): CodeIgniter\View\View->CodeIgniter\View\{closure}()
 5 SYSTEMPATH\Common.php(1167): CodeIgniter\View\View->render('dashboard', [], true)
 6 APPPATH\Controllers\Admin.php(36): view('dashboard', [...])
 7 SYSTEMPATH\CodeIgniter.php(933): App\Controllers\Admin->dashboard()
 8 SYSTEMPATH\CodeIgniter.php(507): CodeIgniter\CodeIgniter->runController(Object(App\Controllers\Admin))
 9 SYSTEMPATH\CodeIgniter.php(354): CodeIgniter\CodeIgniter->handleRequest(null, Object(Config\Cache), false)
10 SYSTEMPATH\Boot.php(363): CodeIgniter\CodeIgniter->run()
11 SYSTEMPATH\Boot.php(68): CodeIgniter\Boot::runCodeIgniter(Object(CodeIgniter\CodeIgniter))
12 FCPATH\index.php(59): CodeIgniter\Boot::bootWeb(Object(Config\Paths))
13 SYSTEMPATH\rewrite.php(44): require_once('C:\\xampp\\htdocs\\PageantSystem\\public\\index.php')
CRITICAL - 2025-10-15 14:01:34 --> ErrorException: include(includes/sidebar.php): Failed to open stream: No such file or directory
[Method: GET, Route: home]
in APPPATH\Views\dashboard.php on line 89.
 1 APPPATH\Views\dashboard.php(89): CodeIgniter\Debug\Exceptions->errorHandler(2, 'include(includes/sidebar.php): Failed to open stream: No such file or directory', 'C:\\xampp\\htdocs\\PageantSystem\\app\\Views\\dashboard.php', 89)
 2 APPPATH\Views\dashboard.php(89): include()
 3 SYSTEMPATH\View\View.php(226): include('C:\\xampp\\htdocs\\PageantSystem\\app\\Views\\dashboard.php')
 4 SYSTEMPATH\View\View.php(229): CodeIgniter\View\View->CodeIgniter\View\{closure}()
 5 SYSTEMPATH\Common.php(1167): CodeIgniter\View\View->render('dashboard', [], true)
 6 APPPATH\Controllers\Admin.php(36): view('dashboard', [...])
 7 SYSTEMPATH\CodeIgniter.php(933): App\Controllers\Admin->dashboard()
 8 SYSTEMPATH\CodeIgniter.php(507): CodeIgniter\CodeIgniter->runController(Object(App\Controllers\Admin))
 9 SYSTEMPATH\CodeIgniter.php(354): CodeIgniter\CodeIgniter->handleRequest(null, Object(Config\Cache), false)
10 SYSTEMPATH\Boot.php(363): CodeIgniter\CodeIgniter->run()
11 SYSTEMPATH\Boot.php(68): CodeIgniter\Boot::runCodeIgniter(Object(CodeIgniter\CodeIgniter))
12 FCPATH\index.php(59): CodeIgniter\Boot::bootWeb(Object(Config\Paths))
13 SYSTEMPATH\rewrite.php(44): require_once('C:\\xampp\\htdocs\\PageantSystem\\public\\index.php')
CRITICAL - 2025-10-15 14:01:34 --> ErrorException: include(includes/sidebar.php): Failed to open stream: No such file or directory
[Method: GET, Route: home]
in APPPATH\Views\dashboard.php on line 89.
 1 APPPATH\Views\dashboard.php(89): CodeIgniter\Debug\Exceptions->errorHandler(2, 'include(includes/sidebar.php): Failed to open stream: No such file or directory', 'C:\\xampp\\htdocs\\PageantSystem\\app\\Views\\dashboard.php', 89)
 2 APPPATH\Views\dashboard.php(89): include()
 3 SYSTEMPATH\View\View.php(226): include('C:\\xampp\\htdocs\\PageantSystem\\app\\Views\\dashboard.php')
 4 SYSTEMPATH\View\View.php(229): CodeIgniter\View\View->CodeIgniter\View\{closure}()
 5 SYSTEMPATH\Common.php(1167): CodeIgniter\View\View->render('dashboard', [], true)
 6 APPPATH\Controllers\Admin.php(36): view('dashboard', [...])
 7 SYSTEMPATH\CodeIgniter.php(933): App\Controllers\Admin->dashboard()
 8 SYSTEMPATH\CodeIgniter.php(507): CodeIgniter\CodeIgniter->runController(Object(App\Controllers\Admin))
 9 SYSTEMPATH\CodeIgniter.php(354): CodeIgniter\CodeIgniter->handleRequest(null, Object(Config\Cache), false)
10 SYSTEMPATH\Boot.php(363): CodeIgniter\CodeIgniter->run()
11 SYSTEMPATH\Boot.php(68): CodeIgniter\Boot::runCodeIgniter(Object(CodeIgniter\CodeIgniter))
12 FCPATH\index.php(59): CodeIgniter\Boot::bootWeb(Object(Config\Paths))
13 SYSTEMPATH\rewrite.php(44): require_once('C:\\xampp\\htdocs\\PageantSystem\\public\\index.php')
CRITICAL - 2025-10-15 14:52:46 --> ParseError: syntax error, unexpected end of file
[Method: GET, Route: api/dashboard_stats.php]
in APPPATH\Config\Routes.php on line 10.
 1 SYSTEMPATH\CodeIgniter.php(821): CodeIgniter\Router\RouteCollection->loadRoutes()
 2 SYSTEMPATH\CodeIgniter.php(455): CodeIgniter\CodeIgniter->tryToRouteIt(null)
 3 SYSTEMPATH\CodeIgniter.php(354): CodeIgniter\CodeIgniter->handleRequest(null, Object(Config\Cache), false)
 4 SYSTEMPATH\Boot.php(363): CodeIgniter\CodeIgniter->run()
 5 SYSTEMPATH\Boot.php(68): CodeIgniter\Boot::runCodeIgniter(Object(CodeIgniter\CodeIgniter))
 6 FCPATH\index.php(59): CodeIgniter\Boot::bootWeb(Object(Config\Paths))
 7 SYSTEMPATH\rewrite.php(44): require_once('C:\\xampp\\htdocs\\PageantSystem\\public\\index.php')
CRITICAL - 2025-10-15 14:56:19 --> CodeIgniter\View\Exceptions\ViewException: Invalid file: "contestant.php"
[Method: GET, Route: contestant]
in SYSTEMPATH\Exceptions\FrameworkException.php on line 39.
 1 SYSTEMPATH\View\View.php(214): CodeIgniter\Exceptions\FrameworkException::forInvalidFile('contestant.php')
 2 SYSTEMPATH\Common.php(1167): CodeIgniter\View\View->render('contestant', [], true)
 3 APPPATH\Controllers\Contestant.php(12): view('contestant')
 4 SYSTEMPATH\CodeIgniter.php(933): App\Controllers\Contestant->index()
 5 SYSTEMPATH\CodeIgniter.php(507): CodeIgniter\CodeIgniter->runController(Object(App\Controllers\Contestant))
 6 SYSTEMPATH\CodeIgniter.php(354): CodeIgniter\CodeIgniter->handleRequest(null, Object(Config\Cache), false)
 7 SYSTEMPATH\Boot.php(363): CodeIgniter\CodeIgniter->run()
 8 SYSTEMPATH\Boot.php(68): CodeIgniter\Boot::runCodeIgniter(Object(CodeIgniter\CodeIgniter))
 9 FCPATH\index.php(59): CodeIgniter\Boot::bootWeb(Object(Config\Paths))
10 SYSTEMPATH\rewrite.php(44): require_once('C:\\xampp\\htdocs\\PageantSystem\\public\\index.php')
